<?xml version="1.0" encoding="UTF-8"?>
<!-- Generated by org.testng.reporters.JUnitXMLReporter -->
<testsuite ignored="0" hostname="LAPTOP-HSQD46T4" failures="0" tests="8" name="Default test" time="0.1" errors="0" timestamp="2021-04-26T15:44:49 IST">
  <testcase classname="com.qa.crm.testcases.HomePage_Test" name="@BeforeMethod SetUP" time="0.005">
    <failure type="java.lang.NullPointerException">
      <![CDATA[java.lang.NullPointerException
at com.crm.qa.bases.base_class.initialization(base_class.java:50)
at com.qa.crm.testcases.HomePage_Test.SetUP(HomePage_Test.java:46)
at java.base/jdk.internal.reflect.NativeMethodAccessorImpl.invoke0(Native Method)
at java.base/jdk.internal.reflect.NativeMethodAccessorImpl.invoke(NativeMethodAccessorImpl.java:62)
at java.base/jdk.internal.reflect.DelegatingMethodAccessorImpl.invoke(DelegatingMethodAccessorImpl.java:43)
at java.base/java.lang.reflect.Method.invoke(Method.java:566)
at org.testng.internal.MethodInvocationHelper.invokeMethod(MethodInvocationHelper.java:132)
at org.testng.internal.MethodInvocationHelper.invokeMethodConsideringTimeout(MethodInvocationHelper.java:61)
at org.testng.internal.ConfigInvoker.invokeConfigurationMethod(ConfigInvoker.java:366)
at org.testng.internal.ConfigInvoker.invokeConfigurations(ConfigInvoker.java:320)
at org.testng.internal.TestInvoker.runConfigMethods(TestInvoker.java:701)
at org.testng.internal.TestInvoker.invokeMethod(TestInvoker.java:527)
at org.testng.internal.TestInvoker.invokeTestMethod(TestInvoker.java:174)
at org.testng.internal.MethodRunner.runInSequence(MethodRunner.java:46)
at org.testng.internal.TestInvoker$MethodInvocationAgent.invoke(TestInvoker.java:822)
at org.testng.internal.TestInvoker.invokeTestMethods(TestInvoker.java:147)
at org.testng.internal.TestMethodWorker.invokeTestMethods(TestMethodWorker.java:146)
at org.testng.internal.TestMethodWorker.run(TestMethodWorker.java:128)
at java.base/java.util.ArrayList.forEach(ArrayList.java:1541)
at org.testng.TestRunner.privateRun(TestRunner.java:764)
at org.testng.TestRunner.run(TestRunner.java:585)
at org.testng.SuiteRunner.runTest(SuiteRunner.java:384)
at org.testng.SuiteRunner.runSequentially(SuiteRunner.java:378)
at org.testng.SuiteRunner.privateRun(SuiteRunner.java:337)
at org.testng.SuiteRunner.run(SuiteRunner.java:286)
at org.testng.SuiteRunnerWorker.runSuite(SuiteRunnerWorker.java:53)
at org.testng.SuiteRunnerWorker.run(SuiteRunnerWorker.java:96)
at org.testng.TestNG.runSuitesSequentially(TestNG.java:1218)
at org.testng.TestNG.runSuitesLocally(TestNG.java:1140)
at org.testng.TestNG.runSuites(TestNG.java:1069)
at org.testng.TestNG.run(TestNG.java:1037)
at org.testng.remote.AbstractRemoteTestNG.run(AbstractRemoteTestNG.java:115)
at org.testng.remote.RemoteTestNG.initAndRun(RemoteTestNG.java:251)
at org.testng.remote.RemoteTestNG.main(RemoteTestNG.java:77)
]]>
    </failure>
  </testcase> <!-- @BeforeMethod SetUP -->
  <testcase classname="com.qa.crm.testcases.HomePage_Test" name="@AfterMethod finish" time="-1.619432089237E9">
    <skipped/>
  </testcase> <!-- @AfterMethod finish -->
  <testcase classname="com.qa.crm.testcases.HomePage_Test" name="@BeforeMethod SetUP" time="-1.61943208924E9">
    <skipped/>
  </testcase> <!-- @BeforeMethod SetUP -->
  <testcase classname="com.qa.crm.testcases.HomePage_Test" name="@AfterMethod finish" time="-1.619432089245E9">
    <skipped/>
  </testcase> <!-- @AfterMethod finish -->
  <testcase classname="com.qa.crm.testcases.HomePage_Test" name="@BeforeMethod SetUP" time="-1.619432089247E9">
    <skipped/>
  </testcase> <!-- @BeforeMethod SetUP -->
  <testcase classname="com.qa.crm.testcases.HomePage_Test" name="@AfterMethod finish" time="-1.619432089252E9">
    <skipped/>
  </testcase> <!-- @AfterMethod finish -->
  <testcase classname="com.qa.crm.testcases.HomePage_Test" name="@BeforeMethod SetUP" time="-1.619432089254E9">
    <skipped/>
  </testcase> <!-- @BeforeMethod SetUP -->
  <testcase classname="com.qa.crm.testcases.HomePage_Test" name="@AfterMethod finish" time="-1.619432089258E9">
    <skipped/>
  </testcase> <!-- @AfterMethod finish -->
  <testcase classname="com.qa.crm.testcases.HomePage_Test" name="@BeforeMethod SetUP" time="-1.619432089259E9">
    <skipped/>
  </testcase> <!-- @BeforeMethod SetUP -->
  <testcase classname="com.qa.crm.testcases.HomePage_Test" name="@AfterMethod finish" time="-1.619432089263E9">
    <skipped/>
  </testcase> <!-- @AfterMethod finish -->
  <testcase classname="com.qa.crm.testcases.HomePage_Test" name="@BeforeMethod SetUP" time="-1.619432089264E9">
    <skipped/>
  </testcase> <!-- @BeforeMethod SetUP -->
  <testcase classname="com.qa.crm.testcases.HomePage_Test" name="@AfterMethod finish" time="-1.619432089268E9">
    <skipped/>
  </testcase> <!-- @AfterMethod finish -->
  <testcase classname="com.qa.crm.testcases.HomePage_Test" name="@BeforeMethod SetUP" time="-1.61943208927E9">
    <skipped/>
  </testcase> <!-- @BeforeMethod SetUP -->
  <testcase classname="com.qa.crm.testcases.HomePage_Test" name="@AfterMethod finish" time="-1.619432089274E9">
    <skipped/>
  </testcase> <!-- @AfterMethod finish -->
  <testcase classname="com.qa.crm.testcases.HomePage_Test" name="@BeforeMethod SetUP" time="-1.619432089276E9">
    <skipped/>
  </testcase> <!-- @BeforeMethod SetUP -->
  <testcase classname="com.qa.crm.testcases.HomePage_Test" name="@AfterMethod finish" time="-1.619432089281E9">
    <skipped/>
  </testcase> <!-- @AfterMethod finish -->
  <testcase classname="com.qa.crm.testcases.HomePage_Test" name="verifytitle_test" time="0.0">
    <skipped/>
  </testcase> <!-- verifytitle_test -->
  <testcase classname="com.qa.crm.testcases.HomePage_Test" name="username_test" time="0.0">
    <skipped/>
  </testcase> <!-- username_test -->
  <testcase classname="com.qa.crm.testcases.HomePage_Test" name="contacts_click" time="0.0">
    <skipped/>
  </testcase> <!-- contacts_click -->
  <testcase classname="com.qa.crm.testcases.HomePage_Test" name="Calender_click" time="0.0">
    <skipped/>
  </testcase> <!-- Calender_click -->
  <testcase classname="com.qa.crm.testcases.HomePage_Test" name="Calls_click" time="0.0">
    <skipped/>
  </testcase> <!-- Calls_click -->
  <testcase classname="com.qa.crm.testcases.HomePage_Test" name="Deals_click" time="0.0">
    <skipped/>
  </testcase> <!-- Deals_click -->
  <testcase classname="com.qa.crm.testcases.HomePage_Test" name="Documents_click" time="0.0">
    <skipped/>
  </testcase> <!-- Documents_click -->
  <testcase classname="com.qa.crm.testcases.HomePage_Test" name="emails_click" time="0.0">
    <skipped/>
  </testcase> <!-- emails_click -->
</testsuite> <!-- Default test -->
