<?xml version="1.0" encoding="UTF-8"?>
<testng-results ignored="0" total="8" passed="7" failed="1" skipped="0">
  <reporter-output>
  </reporter-output>
  <suite started-at="2021-02-18T02:14:31 IST" name="Default suite" finished-at="2021-02-18T02:17:11 IST" duration-ms="160152">
    <groups>
    </groups>
    <test started-at="2021-02-18T02:14:31 IST" name="Default test" finished-at="2021-02-18T02:17:11 IST" duration-ms="160152">
      <class name="com.qa.crm.testcases.HomePage_Test">
        <test-method is-config="true" signature="SetUP()[pri:0, instance:com.qa.crm.testcases.HomePage_Test@272ed83b]" started-at="2021-02-18T02:14:31 IST" name="SetUP" finished-at="2021-02-18T02:14:43 IST" duration-ms="12701" status="PASS">
          <reporter-output>
          </reporter-output>
        </test-method> <!-- SetUP -->
        <test-method signature="verifytitle_test()[pri:1, instance:com.qa.crm.testcases.HomePage_Test@272ed83b]" started-at="2021-02-18T02:14:43 IST" name="verifytitle_test" finished-at="2021-02-18T02:14:43 IST" duration-ms="29" status="PASS">
          <reporter-output>
          </reporter-output>
        </test-method> <!-- verifytitle_test -->
        <test-method is-config="true" signature="finish()[pri:0, instance:com.qa.crm.testcases.HomePage_Test@272ed83b]" started-at="2021-02-18T02:14:43 IST" name="finish" finished-at="2021-02-18T02:14:48 IST" duration-ms="4970" status="PASS">
          <reporter-output>
          </reporter-output>
        </test-method> <!-- finish -->
        <test-method is-config="true" signature="SetUP()[pri:0, instance:com.qa.crm.testcases.HomePage_Test@272ed83b]" started-at="2021-02-18T02:14:48 IST" name="SetUP" finished-at="2021-02-18T02:14:59 IST" duration-ms="10925" status="PASS">
          <reporter-output>
          </reporter-output>
        </test-method> <!-- SetUP -->
        <test-method signature="username_test()[pri:2, instance:com.qa.crm.testcases.HomePage_Test@272ed83b]" started-at="2021-02-18T02:14:59 IST" name="username_test" finished-at="2021-02-18T02:15:01 IST" duration-ms="1239" status="PASS">
          <reporter-output>
          </reporter-output>
        </test-method> <!-- username_test -->
        <test-method is-config="true" signature="finish()[pri:0, instance:com.qa.crm.testcases.HomePage_Test@272ed83b]" started-at="2021-02-18T02:15:01 IST" name="finish" finished-at="2021-02-18T02:15:06 IST" duration-ms="5294" status="PASS">
          <reporter-output>
          </reporter-output>
        </test-method> <!-- finish -->
        <test-method is-config="true" signature="SetUP()[pri:0, instance:com.qa.crm.testcases.HomePage_Test@272ed83b]" started-at="2021-02-18T02:15:06 IST" name="SetUP" finished-at="2021-02-18T02:15:16 IST" duration-ms="10241" status="PASS">
          <reporter-output>
          </reporter-output>
        </test-method> <!-- SetUP -->
        <test-method signature="contacts_click()[pri:3, instance:com.qa.crm.testcases.HomePage_Test@272ed83b]" started-at="2021-02-18T02:15:16 IST" name="contacts_click" finished-at="2021-02-18T02:15:20 IST" duration-ms="3879" status="PASS">
          <reporter-output>
          </reporter-output>
        </test-method> <!-- contacts_click -->
        <test-method is-config="true" signature="finish()[pri:0, instance:com.qa.crm.testcases.HomePage_Test@272ed83b]" started-at="2021-02-18T02:15:20 IST" name="finish" finished-at="2021-02-18T02:15:25 IST" duration-ms="5236" status="PASS">
          <reporter-output>
          </reporter-output>
        </test-method> <!-- finish -->
        <test-method is-config="true" signature="SetUP()[pri:0, instance:com.qa.crm.testcases.HomePage_Test@272ed83b]" started-at="2021-02-18T02:15:25 IST" name="SetUP" finished-at="2021-02-18T02:15:36 IST" duration-ms="11042" status="PASS">
          <reporter-output>
          </reporter-output>
        </test-method> <!-- SetUP -->
        <test-method signature="Calender_click()[pri:4, instance:com.qa.crm.testcases.HomePage_Test@272ed83b]" started-at="2021-02-18T02:15:36 IST" name="Calender_click" finished-at="2021-02-18T02:15:46 IST" duration-ms="10093" status="FAIL">
          <exception class="org.openqa.selenium.NoSuchElementException">
            <message>
              <![CDATA[no such element: Unable to locate element: {"method":"xpath","selector":"//span[contains(text(),'Calender')]"}
  (Session info: chrome=88.0.4324.150)
For documentation on this error, please visit: https://www.seleniumhq.org/exceptions/no_such_element.html
Build info: version: '3.141.59', revision: 'e82be7d358', time: '2018-11-14T08:17:03'
System info: host: 'DESKTOP-AB28KPC', ip: '192.168.1.108', os.name: 'Windows 10', os.arch: 'amd64', os.version: '10.0', java.version: '15.0.1'
Driver info: org.openqa.selenium.chrome.ChromeDriver
Capabilities {acceptInsecureCerts: false, browserName: chrome, browserVersion: 88.0.4324.150, chrome: {chromedriverVersion: 87.0.4280.88 (89e2380a3e36c..., userDataDir: C:\Users\Lenovo\AppData\Loc...}, goog:chromeOptions: {debuggerAddress: localhost:50186}, javascriptEnabled: true, networkConnectionEnabled: false, pageLoadStrategy: normal, platform: WINDOWS, platformName: WINDOWS, proxy: Proxy(), setWindowRect: true, strictFileInteractability: false, timeouts: {implicit: 0, pageLoad: 300000, script: 30000}, unhandledPromptBehavior: dismiss and notify, webauthn:virtualAuthenticators: true}
Session ID: 3f1c086c4bcf5db0b992f4590edc46d1
*** Element info: {Using=xpath, value=//span[contains(text(),'Calender')]}]]>
            </message>
            <full-stacktrace>
              <![CDATA[org.openqa.selenium.NoSuchElementException: no such element: Unable to locate element: {"method":"xpath","selector":"//span[contains(text(),'Calender')]"}
  (Session info: chrome=88.0.4324.150)
For documentation on this error, please visit: https://www.seleniumhq.org/exceptions/no_such_element.html
Build info: version: '3.141.59', revision: 'e82be7d358', time: '2018-11-14T08:17:03'
System info: host: 'DESKTOP-AB28KPC', ip: '192.168.1.108', os.name: 'Windows 10', os.arch: 'amd64', os.version: '10.0', java.version: '15.0.1'
Driver info: org.openqa.selenium.chrome.ChromeDriver
Capabilities {acceptInsecureCerts: false, browserName: chrome, browserVersion: 88.0.4324.150, chrome: {chromedriverVersion: 87.0.4280.88 (89e2380a3e36c..., userDataDir: C:\Users\Lenovo\AppData\Loc...}, goog:chromeOptions: {debuggerAddress: localhost:50186}, javascriptEnabled: true, networkConnectionEnabled: false, pageLoadStrategy: normal, platform: WINDOWS, platformName: WINDOWS, proxy: Proxy(), setWindowRect: true, strictFileInteractability: false, timeouts: {implicit: 0, pageLoad: 300000, script: 30000}, unhandledPromptBehavior: dismiss and notify, webauthn:virtualAuthenticators: true}
Session ID: 3f1c086c4bcf5db0b992f4590edc46d1
*** Element info: {Using=xpath, value=//span[contains(text(),'Calender')]}
at java.base/jdk.internal.reflect.NativeConstructorAccessorImpl.newInstance0(Native Method)
at java.base/jdk.internal.reflect.NativeConstructorAccessorImpl.newInstance(NativeConstructorAccessorImpl.java:64)
at java.base/jdk.internal.reflect.DelegatingConstructorAccessorImpl.newInstance(DelegatingConstructorAccessorImpl.java:45)
at java.base/java.lang.reflect.Constructor.newInstanceWithCaller(Constructor.java:500)
at java.base/java.lang.reflect.Constructor.newInstance(Constructor.java:481)
at org.openqa.selenium.remote.http.W3CHttpResponseCodec.createException(W3CHttpResponseCodec.java:187)
at org.openqa.selenium.remote.http.W3CHttpResponseCodec.decode(W3CHttpResponseCodec.java:122)
at org.openqa.selenium.remote.http.W3CHttpResponseCodec.decode(W3CHttpResponseCodec.java:49)
at org.openqa.selenium.remote.HttpCommandExecutor.execute(HttpCommandExecutor.java:158)
at org.openqa.selenium.remote.service.DriverCommandExecutor.execute(DriverCommandExecutor.java:83)
at org.openqa.selenium.remote.RemoteWebDriver.execute(RemoteWebDriver.java:552)
at org.openqa.selenium.remote.RemoteWebDriver.findElement(RemoteWebDriver.java:323)
at org.openqa.selenium.remote.RemoteWebDriver.findElementByXPath(RemoteWebDriver.java:428)
at org.openqa.selenium.By$ByXPath.findElement(By.java:353)
at org.openqa.selenium.remote.RemoteWebDriver.findElement(RemoteWebDriver.java:315)
at org.openqa.selenium.support.pagefactory.DefaultElementLocator.findElement(DefaultElementLocator.java:69)
at org.openqa.selenium.support.pagefactory.internal.LocatingElementHandler.invoke(LocatingElementHandler.java:38)
at com.sun.proxy.$Proxy12.click(Unknown Source)
at com.qa.crm.pages.Home_Page.calender_click(Home_Page.java:103)
at com.qa.crm.testcases.HomePage_Test.Calender_click(HomePage_Test.java:86)
at java.base/jdk.internal.reflect.NativeMethodAccessorImpl.invoke0(Native Method)
at java.base/jdk.internal.reflect.NativeMethodAccessorImpl.invoke(NativeMethodAccessorImpl.java:64)
at java.base/jdk.internal.reflect.DelegatingMethodAccessorImpl.invoke(DelegatingMethodAccessorImpl.java:43)
at java.base/java.lang.reflect.Method.invoke(Method.java:564)
at org.testng.internal.MethodInvocationHelper.invokeMethod(MethodInvocationHelper.java:132)
at org.testng.internal.TestInvoker.invokeMethod(TestInvoker.java:599)
at org.testng.internal.TestInvoker.invokeTestMethod(TestInvoker.java:174)
at org.testng.internal.MethodRunner.runInSequence(MethodRunner.java:46)
at org.testng.internal.TestInvoker$MethodInvocationAgent.invoke(TestInvoker.java:822)
at org.testng.internal.TestInvoker.invokeTestMethods(TestInvoker.java:147)
at org.testng.internal.TestMethodWorker.invokeTestMethods(TestMethodWorker.java:146)
at org.testng.internal.TestMethodWorker.run(TestMethodWorker.java:128)
at java.base/java.util.ArrayList.forEach(ArrayList.java:1511)
at org.testng.TestRunner.privateRun(TestRunner.java:764)
at org.testng.TestRunner.run(TestRunner.java:585)
at org.testng.SuiteRunner.runTest(SuiteRunner.java:384)
at org.testng.SuiteRunner.runSequentially(SuiteRunner.java:378)
at org.testng.SuiteRunner.privateRun(SuiteRunner.java:337)
at org.testng.SuiteRunner.run(SuiteRunner.java:286)
at org.testng.SuiteRunnerWorker.runSuite(SuiteRunnerWorker.java:53)
at org.testng.SuiteRunnerWorker.run(SuiteRunnerWorker.java:96)
at org.testng.TestNG.runSuitesSequentially(TestNG.java:1218)
at org.testng.TestNG.runSuitesLocally(TestNG.java:1140)
at org.testng.TestNG.runSuites(TestNG.java:1069)
at org.testng.TestNG.run(TestNG.java:1037)
at org.testng.remote.AbstractRemoteTestNG.run(AbstractRemoteTestNG.java:115)
at org.testng.remote.RemoteTestNG.initAndRun(RemoteTestNG.java:251)
at org.testng.remote.RemoteTestNG.main(RemoteTestNG.java:77)
]]>
            </full-stacktrace>
          </exception> <!-- org.openqa.selenium.NoSuchElementException -->
          <reporter-output>
          </reporter-output>
        </test-method> <!-- Calender_click -->
        <test-method is-config="true" signature="finish()[pri:0, instance:com.qa.crm.testcases.HomePage_Test@272ed83b]" started-at="2021-02-18T02:15:46 IST" name="finish" finished-at="2021-02-18T02:15:51 IST" duration-ms="4895" status="PASS">
          <reporter-output>
          </reporter-output>
        </test-method> <!-- finish -->
        <test-method is-config="true" signature="SetUP()[pri:0, instance:com.qa.crm.testcases.HomePage_Test@272ed83b]" started-at="2021-02-18T02:15:51 IST" name="SetUP" finished-at="2021-02-18T02:16:03 IST" duration-ms="11672" status="PASS">
          <reporter-output>
          </reporter-output>
        </test-method> <!-- SetUP -->
        <test-method signature="Calls_click()[pri:5, instance:com.qa.crm.testcases.HomePage_Test@272ed83b]" started-at="2021-02-18T02:16:03 IST" name="Calls_click" finished-at="2021-02-18T02:16:07 IST" duration-ms="4461" status="PASS">
          <reporter-output>
          </reporter-output>
        </test-method> <!-- Calls_click -->
        <test-method is-config="true" signature="finish()[pri:0, instance:com.qa.crm.testcases.HomePage_Test@272ed83b]" started-at="2021-02-18T02:16:07 IST" name="finish" finished-at="2021-02-18T02:16:12 IST" duration-ms="4899" status="PASS">
          <reporter-output>
          </reporter-output>
        </test-method> <!-- finish -->
        <test-method is-config="true" signature="SetUP()[pri:0, instance:com.qa.crm.testcases.HomePage_Test@272ed83b]" started-at="2021-02-18T02:16:12 IST" name="SetUP" finished-at="2021-02-18T02:16:23 IST" duration-ms="10733" status="PASS">
          <reporter-output>
          </reporter-output>
        </test-method> <!-- SetUP -->
        <test-method signature="Deals_click()[pri:6, instance:com.qa.crm.testcases.HomePage_Test@272ed83b]" started-at="2021-02-18T02:16:23 IST" name="Deals_click" finished-at="2021-02-18T02:16:26 IST" duration-ms="2897" status="PASS">
          <reporter-output>
          </reporter-output>
        </test-method> <!-- Deals_click -->
        <test-method is-config="true" signature="finish()[pri:0, instance:com.qa.crm.testcases.HomePage_Test@272ed83b]" started-at="2021-02-18T02:16:26 IST" name="finish" finished-at="2021-02-18T02:16:31 IST" duration-ms="4874" status="PASS">
          <reporter-output>
          </reporter-output>
        </test-method> <!-- finish -->
        <test-method is-config="true" signature="SetUP()[pri:0, instance:com.qa.crm.testcases.HomePage_Test@272ed83b]" started-at="2021-02-18T02:16:31 IST" name="SetUP" finished-at="2021-02-18T02:16:42 IST" duration-ms="11022" status="PASS">
          <reporter-output>
          </reporter-output>
        </test-method> <!-- SetUP -->
        <test-method signature="Documents_click()[pri:7, instance:com.qa.crm.testcases.HomePage_Test@272ed83b]" started-at="2021-02-18T02:16:42 IST" name="Documents_click" finished-at="2021-02-18T02:16:46 IST" duration-ms="4275" status="PASS">
          <reporter-output>
          </reporter-output>
        </test-method> <!-- Documents_click -->
        <test-method is-config="true" signature="finish()[pri:0, instance:com.qa.crm.testcases.HomePage_Test@272ed83b]" started-at="2021-02-18T02:16:46 IST" name="finish" finished-at="2021-02-18T02:16:51 IST" duration-ms="4922" status="PASS">
          <reporter-output>
          </reporter-output>
        </test-method> <!-- finish -->
        <test-method is-config="true" signature="SetUP()[pri:0, instance:com.qa.crm.testcases.HomePage_Test@272ed83b]" started-at="2021-02-18T02:16:51 IST" name="SetUP" finished-at="2021-02-18T02:17:02 IST" duration-ms="10810" status="PASS">
          <reporter-output>
          </reporter-output>
        </test-method> <!-- SetUP -->
        <test-method signature="emails_click()[pri:8, instance:com.qa.crm.testcases.HomePage_Test@272ed83b]" started-at="2021-02-18T02:17:02 IST" name="emails_click" finished-at="2021-02-18T02:17:05 IST" duration-ms="3648" status="PASS">
          <reporter-output>
          </reporter-output>
        </test-method> <!-- emails_click -->
        <test-method is-config="true" signature="finish()[pri:0, instance:com.qa.crm.testcases.HomePage_Test@272ed83b]" started-at="2021-02-18T02:17:05 IST" name="finish" finished-at="2021-02-18T02:17:11 IST" duration-ms="5279" status="PASS">
          <reporter-output>
          </reporter-output>
        </test-method> <!-- finish -->
      </class> <!-- com.qa.crm.testcases.HomePage_Test -->
    </test> <!-- Default test -->
  </suite> <!-- Default suite -->
</testng-results>
